<?xml version="1.0" encoding="UTF-8"?>
<testng-results skipped="0" failed="0" total="2" passed="2">
  <reporter-output>
  </reporter-output>
  <suite name="Suite" duration-ms="50898" started-at="2019-03-20T00:57:20Z" finished-at="2019-03-20T00:58:11Z">
    <groups>
    </groups>
    <test name="Test" duration-ms="50898" started-at="2019-03-20T00:57:20Z" finished-at="2019-03-20T00:58:11Z">
      <class name="cometestcase.addtestcase">
        <test-method status="PASS" signature="gg()[pri:0, instance:cometestcase.addtestcase@270421f5]" name="gg" is-config="true" duration-ms="4868" started-at="2019-03-20T08:57:45Z" finished-at="2019-03-20T08:57:50Z">
          <reporter-output>
          </reporter-output>
        </test-method> <!-- gg -->
        <test-method status="PASS" signature="xztk()[pri:0, instance:cometestcase.addtestcase@270421f5]" name="xztk" duration-ms="15088" started-at="2019-03-20T08:57:50Z" finished-at="2019-03-20T08:58:05Z">
          <reporter-output>
          </reporter-output>
        </test-method> <!-- xztk -->
        <test-method status="PASS" signature="teardown()[pri:0, instance:cometestcase.addtestcase@270421f5]" name="teardown" is-config="true" duration-ms="6100" started-at="2019-03-20T08:58:05Z" finished-at="2019-03-20T08:58:11Z">
          <reporter-output>
          </reporter-output>
        </test-method> <!-- teardown -->
      </class> <!-- cometestcase.addtestcase -->
      <class name="cometestcase.logintestcase">
        <test-method status="PASS" signature="gg()[pri:0, instance:cometestcase.logintestcase@5a42bbf4]" name="gg" is-config="true" duration-ms="7998" started-at="2019-03-20T08:57:20Z" finished-at="2019-03-20T08:57:28Z">
          <reporter-output>
          </reporter-output>
        </test-method> <!-- gg -->
        <test-method status="PASS" signature="login()[pri:0, instance:cometestcase.logintestcase@5a42bbf4]" name="login" duration-ms="10271" started-at="2019-03-20T08:57:28Z" finished-at="2019-03-20T08:57:38Z">
          <reporter-output>
          </reporter-output>
        </test-method> <!-- login -->
        <test-method status="PASS" signature="teardown()[pri:0, instance:cometestcase.logintestcase@5a42bbf4]" name="teardown" is-config="true" duration-ms="6559" started-at="2019-03-20T08:57:38Z" finished-at="2019-03-20T08:57:45Z">
          <reporter-output>
          </reporter-output>
        </test-method> <!-- teardown -->
      </class> <!-- cometestcase.logintestcase -->
    </test> <!-- Test -->
  </suite> <!-- Suite -->
</testng-results>
