<?xml version="1.0" encoding="UTF-8"?>
<testng-results skipped="0" failed="0" total="1" passed="1">
  <reporter-output>
  </reporter-output>
  <suite name="Suite" duration-ms="125770" started-at="2019-03-14T01:04:12Z" finished-at="2019-03-14T01:06:18Z">
    <groups>
    </groups>
    <test name="Test" duration-ms="125770" started-at="2019-03-14T01:04:12Z" finished-at="2019-03-14T01:06:18Z">
      <class name="ahead.com.Demo1">
        <test-method status="PASS" signature="openchrome()[pri:0, instance:ahead.com.Demo1@17ed40e0]" name="openchrome" duration-ms="125711" started-at="2019-03-14T09:04:12Z" finished-at="2019-03-14T09:06:18Z">
          <reporter-output>
          </reporter-output>
        </test-method> <!-- openchrome -->
      </class> <!-- ahead.com.Demo1 -->
    </test> <!-- Test -->
  </suite> <!-- Suite -->
</testng-results>
